2013. 06. 25. (화) 23:30:01 KST
My Mac address = B8:27:EB:3D:AA:C5
BT daemon start

2013. 06. 26. (수) 06:18:02 KST
My Mac address = B8:27:EB:3D:AA:C5
BT daemon start

2013. 06. 26. (수) 07:57:02 KST
My Mac address = B8:27:EB:3D:AA:C5
BT daemon start

2013. 06. 26. (수) 07:58:01 KST
My Mac address = B8:27:EB:3D:AA:C5
BT daemon start

2013. 06. 26. (수) 07:59:01 KST
My Mac address = B8:27:EB:3D:AA:C5
BT daemon start

2013. 06. 26. (수) 07:57:01 KST
My Mac address = B8:27:EB:3D:AA:C5
BT daemon start

2013. 06. 26. (수) 07:57:02 KST
My Mac address = B8:27:EB:3D:AA:C5
BT daemon start

2013. 06. 26. (수) 07:57:02 KST
My Mac address = B8:27:EB:3D:AA:C5
BT daemon start

2013. 06. 26. (수) 07:58:01 KST
My Mac address = B8:27:EB:3D:AA:C5
BT daemon start

2013. 06. 26. (수) 07:57:02 KST
My Mac address = B8:27:EB:3D:AA:C5
BT daemon start

2013. 06. 26. (수) 08:16:02 KST
My Mac address = B8:27:EB:3D:AA:C5
BT daemon start

2013. 06. 26. (수) 08:20:02 KST
My Mac address = B8:27:EB:3D:AA:C5
BT daemon start

2013. 07. 22. (월) 16:39:01 KST
My Mac address = B8:27:EB:00:8F:5B
BT daemon start

2013. 07. 22. (월) 16:42:19 KST
My Mac address = B8:27:EB:00:8F:5B
BT daemon start

2013. 07. 22. (월) 16:51:18 KST
My Mac address = B8:27:EB:00:8F:5B
BT daemon start

2013. 07. 22. (월) 16:56:24 KST
My Mac address = B8:27:EB:00:8F:5B
BT daemon start

2013. 07. 22. (월) 16:18:01 KST
My Mac address = B8:27:EB:00:8F:5B
BT daemon start

2013. 07. 22. (월) 17:03:17 KST
My Mac address = B8:27:EB:00:8F:5B
BT daemon start

2013. 07. 23. (화) 17:27:46 KST
Stopping bluetooth: rfcomm /usr/sbin/bluetoothd.
Starting bluetooth: bluetoothd rfcomm.
My Mac address = B8:27:EB:00:8F:5B
BT daemon start

2013. 07. 24. (수) 08:25:10 KST
Stopping bluetooth: rfcomm /usr/sbin/bluetoothd.
Starting bluetooth: bluetoothd rfcomm.
My Mac address = B8:27:EB:00:8F:5B
BT daemon start

