==3138== Memcheck, a memory error detector
==3138== Copyright (C) 2002-2011, and GNU GPL'd, by Julian Seward et al.
==3138== Using Valgrind-3.7.0 and LibVEX; rerun with -h for copyright info
==3138== Command: ./inq_rssi
==3138== Parent PID: 3119
==3138== 
--3138-- 
--3138-- Valgrind options:
--3138--    --suppressions=/usr/lib/valgrind/debian-libc6-dbg.supp
--3138--    -v
--3138--    --tool=memcheck
--3138--    --leak-check=yes
--3138--    --show-reachable=yes
--3138--    --log-file=./valgrind.log
--3138-- Contents of /proc/version:
--3138--   Linux version 3.6.11+ (dc4@dc4-arm-01) (gcc version 4.7.2 20120731 (prerelease) (crosstool-NG linaro-1.13.1+bzr2458 - Linaro GCC 2012.08) ) #456 PREEMPT Mon May 20 17:42:15 BST 2013
--3138-- Arch and hwcaps: ARM, ARMv6-vfp
--3138-- Page sizes: currently 4096, max supported 4096
--3138-- Valgrind library directory: /usr/lib/valgrind
--3138-- Reading syms from /home/pi/soomap/inq_rssi (0x8000)
--3138-- Reading syms from /lib/arm-linux-gnueabihf/ld-2.13.so (0x4000000)
--3138--   Considering /lib/arm-linux-gnueabihf/ld-2.13.so ..
--3138--   .. CRC mismatch (computed d28c4ae0 wanted a6002182)
--3138--   Considering /usr/lib/debug/lib/arm-linux-gnueabihf/ld-2.13.so ..
--3138--   .. CRC is valid
--3138-- Reading syms from /usr/lib/valgrind/memcheck-arm-linux (0x38000000)
--3138--   Considering /usr/lib/valgrind/memcheck-arm-linux ..
--3138--   .. CRC mismatch (computed c39dcb39 wanted 708b2eee)
--3138--   Considering /usr/lib/debug/usr/lib/valgrind/memcheck-arm-linux ..
--3138--   .. CRC is valid
--3138--    object doesn't have a dynamic symbol table
--3138-- Reading suppressions file: /usr/lib/valgrind/debian-libc6-dbg.supp
--3138-- Reading suppressions file: /usr/lib/valgrind/default.supp
==3138== embedded gdbserver: reading from /tmp/vgdb-pipe-from-vgdb-to-3138-by-root-on-???
==3138== embedded gdbserver: writing to   /tmp/vgdb-pipe-to-vgdb-from-3138-by-root-on-???
==3138== embedded gdbserver: shared mem   /tmp/vgdb-pipe-shared-mem-vgdb-3138-by-root-on-???
==3138== 
==3138== TO CONTROL THIS PROCESS USING vgdb (which you probably
==3138== don't want to do, unless you know exactly what you're doing,
==3138== or are doing some strange experiment):
==3138==   /usr/lib/valgrind/../../bin/vgdb --pid=3138 ...command...
==3138== 
==3138== TO DEBUG THIS PROCESS USING GDB: start GDB like this
==3138==   /path/to/gdb ./inq_rssi
==3138== and then give GDB the following command
==3138==   target remote | /usr/lib/valgrind/../../bin/vgdb --pid=3138
==3138== --pid is optional if only one valgrind process is running
==3138== 
--3138-- Reading syms from /usr/lib/valgrind/vgpreload_core-arm-linux.so (0x4827000)
--3138--   Considering /usr/lib/valgrind/vgpreload_core-arm-linux.so ..
--3138--   .. CRC mismatch (computed af6eafeb wanted c297409c)
--3138--   Considering /usr/lib/debug/usr/lib/valgrind/vgpreload_core-arm-linux.so ..
--3138--   .. CRC is valid
--3138-- Reading syms from /usr/lib/valgrind/vgpreload_memcheck-arm-linux.so (0x4831000)
--3138--   Considering /usr/lib/valgrind/vgpreload_memcheck-arm-linux.so ..
--3138--   .. CRC mismatch (computed c3fec287 wanted 88dfc0e5)
--3138--   Considering /usr/lib/debug/usr/lib/valgrind/vgpreload_memcheck-arm-linux.so ..
--3138--   .. CRC is valid
--3138-- Reading syms from /usr/lib/arm-linux-gnueabihf/libcofi_rpi.so (0x4843000)
--3138-- Reading syms from /usr/lib/arm-linux-gnueabihf/libbluetooth.so.3.12.0 (0x485e000)
--3138--   Considering /usr/lib/arm-linux-gnueabihf/libbluetooth.so.3.12.0 ..
--3138--   .. CRC mismatch (computed bf1fa3e3 wanted ddc72ca7)
--3138--    object doesn't have a symbol table
--3138-- Reading syms from /lib/arm-linux-gnueabihf/libc-2.13.so (0x487d000)
--3138--   Considering /lib/arm-linux-gnueabihf/libc-2.13.so ..
--3138--   .. CRC mismatch (computed f6f9f814 wanted adc2dd22)
--3138--   Considering /usr/lib/debug/lib/arm-linux-gnueabihf/libc-2.13.so ..
--3138--   .. CRC is valid
--3138-- REDIR: 0x48f4c54 (rindex) redirected to 0x4835cdc (rindex)
--3138-- REDIR: 0x48f06b0 (malloc) redirected to 0x48358f4 (malloc)
disInstr(arm): unhandled instruction: 0xF1010200
                 cond=15(0xF) 27:20=16(0x10) 4:4=0 3:0=0(0x0)
==3138== valgrind: Unrecognised instruction at address 0x4843588.
==3138==    at 0x4843588: ??? (in /usr/lib/arm-linux-gnueabihf/libcofi_rpi.so)
==3138== Your program just tried to execute an instruction that Valgrind
==3138== did not recognise.  There are two possible reasons for this.
==3138== 1. Your program has a bug and erroneously jumped to a non-code
==3138==    location.  If you are running Memcheck and you just saw a
==3138==    warning about a bad jump, it's probably your program's fault.
==3138== 2. The instruction is legitimate but Valgrind doesn't handle it,
==3138==    i.e. it's Valgrind's fault.  If you think this is the case or
==3138==    you are not sure, please let us know and we'll try to fix it.
==3138== Either way, Valgrind will now raise a SIGILL signal which will
==3138== probably kill your program.
==3138== 
==3138== Process terminating with default action of signal 4 (SIGILL)
==3138==  Illegal opcode at address 0x4843588
==3138==    at 0x4843588: ??? (in /usr/lib/arm-linux-gnueabihf/libcofi_rpi.so)
--3138-- REDIR: 0x48f0d70 (free) redirected to 0x483482c (free)
--3138-- REDIR: 0x48f6200 (memset) redirected to 0x483898c (memset)
==3138== 
==3138== HEAP SUMMARY:
==3138==     in use at exit: 132 bytes in 1 blocks
==3138==   total heap usage: 1 allocs, 0 frees, 132 bytes allocated
==3138== 
==3138== Searching for pointers to 1 not-freed blocks
==3138== Checked 68,276 bytes
==3138== 
==3138== 132 bytes in 1 blocks are still reachable in loss record 1 of 1
==3138==    at 0x4835978: malloc (vg_replace_malloc.c:263)
==3138==    by 0x4864A27: hci_for_each_dev (in /usr/lib/arm-linux-gnueabihf/libbluetooth.so.3.12.0)
==3138== 
==3138== LEAK SUMMARY:
==3138==    definitely lost: 0 bytes in 0 blocks
==3138==    indirectly lost: 0 bytes in 0 blocks
==3138==      possibly lost: 0 bytes in 0 blocks
==3138==    still reachable: 132 bytes in 1 blocks
==3138==         suppressed: 0 bytes in 0 blocks
==3138== 
==3138== ERROR SUMMARY: 0 errors from 0 contexts (suppressed: 15 from 6)
--3138-- 
--3138-- used_suppression:     15 U1004-ARM-_dl_relocate_object
==3138== 
==3138== ERROR SUMMARY: 0 errors from 0 contexts (suppressed: 15 from 6)
